d:\sjh\shjii\sjh\myprojects\2dlibcore\x64\debug\2dlibcore.pdb
d:\sjh\shjii\sjh\myprojects\2dlibcore\x64\debug\2dlibcore.idb
d:\sjh\shjii\sjh\myprojects\2dlibcore\x64\debug\sobject.obj
d:\sjh\shjii\sjh\myprojects\2dlibcore\x64\debug\snpcobject.obj
d:\sjh\shjii\sjh\myprojects\2dlibcore\x64\debug\smovestate.obj
d:\sjh\shjii\sjh\myprojects\2dlibcore\x64\debug\sitem.obj
d:\sjh\shjii\sjh\myprojects\2dlibcore\x64\debug\sinput.obj
d:\sjh\shjii\sjh\myprojects\2dlibcore\x64\debug\sgraphicapi.obj
d:\sjh\shjii\sjh\myprojects\2dlibcore\x64\debug\sfinitestatemachine.obj
d:\sjh\shjii\sjh\myprojects\2dlibcore\x64\debug\sfinitestate.obj
d:\sjh\shjii\sjh\myprojects\2dlibcore\x64\debug\senemystate.obj
d:\sjh\shjii\sjh\myprojects\2dlibcore\x64\debug\seffect.obj
d:\sjh\shjii\sjh\myprojects\2dlibcore\x64\debug\secentscene.obj
d:\sjh\shjii\sjh\myprojects\2dlibcore\x64\debug\sdeadstate.obj
d:\sjh\shjii\sjh\myprojects\2dlibcore\x64\debug\scollision.obj
d:\sjh\shjii\sjh\myprojects\2dlibcore\x64\debug\sbitmapmanager.obj
d:\sjh\shjii\sjh\myprojects\2dlibcore\x64\debug\sbitmap.obj
d:\sjh\shjii\sjh\myprojects\2dlibcore\x64\debug\sattackstate.obj
d:\sjh\shjii\sjh\myprojects\2dlibcore\x64\debug\sanimation.obj
d:\sjh\shjii\sjh\myprojects\2dlibcore\x64\debug\floor.obj
d:\sjh\shjii\sjh\myprojects\2dlibcore\x64\debug\swrite.obj
d:\sjh\shjii\sjh\myprojects\2dlibcore\x64\debug\swindow.obj
d:\sjh\shjii\sjh\myprojects\2dlibcore\x64\debug\suserinterface.obj
d:\sjh\shjii\sjh\myprojects\2dlibcore\x64\debug\stime.obj
d:\sjh\shjii\sjh\myprojects\2dlibcore\x64\debug\sstandstate.obj
d:\sjh\shjii\sjh\myprojects\2dlibcore\x64\debug\ssceneingame.obj
d:\sjh\shjii\sjh\myprojects\2dlibcore\x64\debug\sscene.obj
d:\sjh\shjii\sjh\myprojects\2dlibcore\x64\debug\sprojectile.obj
d:\sjh\shjii\sjh\myprojects\2dlibcore\x64\debug\sobjectmanager.obj
d:\sjh\shjii\sjh\myprojects\2dlibcore\x64\debug\2dlibcore.tlog\cl.command.1.tlog
d:\sjh\shjii\sjh\myprojects\2dlibcore\x64\debug\2dlibcore.tlog\cl.read.1.tlog
d:\sjh\shjii\sjh\myprojects\2dlibcore\x64\debug\2dlibcore.tlog\cl.write.1.tlog
